2023/07/30 00:09:20 [notice] 1#1: using the "epoll" event method
2023/07/30 00:09:20 [notice] 1#1: nginx/1.25.1
2023/07/30 00:09:20 [notice] 1#1: built by gcc 12.2.0 (Debian 12.2.0-14) 
2023/07/30 00:09:20 [notice] 1#1: OS: Linux 5.19.0-50-generic
2023/07/30 00:09:20 [notice] 1#1: getrlimit(RLIMIT_NOFILE): 1048576:1048576
2023/07/30 00:09:20 [notice] 1#1: start worker processes
2023/07/30 00:09:20 [notice] 1#1: start worker process 28
2023/07/30 00:09:20 [notice] 1#1: start worker process 29
2023/07/30 00:09:20 [notice] 1#1: start worker process 30
2023/07/30 00:09:20 [notice] 1#1: start worker process 31
2023/07/30 00:09:20 [notice] 1#1: start worker process 32
2023/07/30 00:09:20 [notice] 1#1: start worker process 33
2023/07/30 00:09:20 [notice] 1#1: start worker process 34
2023/07/30 00:09:20 [notice] 1#1: start worker process 35
2023/07/30 00:09:20 [notice] 1#1: start worker process 36
2023/07/30 00:09:20 [notice] 1#1: start worker process 37
2023/07/30 00:09:20 [notice] 1#1: start worker process 38
2023/07/30 00:09:20 [notice] 1#1: start worker process 39
2023/07/30 00:09:20 [notice] 1#1: start worker process 40
2023/07/30 00:09:20 [notice] 1#1: start worker process 41
2023/07/30 00:09:20 [notice] 1#1: start worker process 42
2023/07/30 00:09:20 [notice] 1#1: start worker process 43
2023/07/30 00:09:20 [notice] 1#1: start worker process 44
2023/07/30 00:09:20 [notice] 1#1: start worker process 45
2023/07/30 00:09:20 [notice] 1#1: start worker process 46
2023/07/30 00:09:20 [notice] 1#1: start worker process 47
2023/07/30 00:09:20 [notice] 1#1: start worker process 48
2023/07/30 00:09:20 [notice] 1#1: start worker process 49
2023/07/30 00:09:20 [notice] 1#1: start worker process 50
2023/07/30 00:09:20 [notice] 1#1: start worker process 51
2023/07/30 00:09:20 [notice] 1#1: start worker process 52
2023/07/30 00:09:20 [notice] 1#1: start worker process 53
2023/07/30 00:09:20 [notice] 1#1: start worker process 54
2023/07/30 00:09:20 [notice] 1#1: start worker process 55
2023/07/30 00:09:20 [notice] 1#1: start worker process 56
2023/07/30 00:09:20 [notice] 1#1: start worker process 57
2023/07/30 00:09:20 [notice] 1#1: start worker process 58
2023/07/30 00:09:20 [notice] 1#1: start worker process 59
2023/07/30 00:09:20 [notice] 1#1: start worker process 60
2023/07/30 00:09:20 [notice] 1#1: start worker process 61
2023/07/30 00:09:20 [notice] 1#1: start worker process 62
2023/07/30 00:09:20 [notice] 1#1: start worker process 63
2023/07/30 00:12:27 [notice] 1#1: signal 3 (SIGQUIT) received, shutting down
2023/07/30 00:12:27 [notice] 29#29: gracefully shutting down
2023/07/30 00:12:27 [notice] 28#28: gracefully shutting down
2023/07/30 00:12:27 [notice] 33#33: gracefully shutting down
2023/07/30 00:12:27 [notice] 35#35: gracefully shutting down
2023/07/30 00:12:27 [notice] 29#29: exiting
2023/07/30 00:12:27 [notice] 32#32: gracefully shutting down
2023/07/30 00:12:27 [notice] 30#30: gracefully shutting down
2023/07/30 00:12:27 [notice] 36#36: gracefully shutting down
2023/07/30 00:12:27 [notice] 28#28: exiting
2023/07/30 00:12:27 [notice] 42#42: gracefully shutting down
2023/07/30 00:12:27 [notice] 54#54: gracefully shutting down
2023/07/30 00:12:27 [notice] 37#37: gracefully shutting down
2023/07/30 00:12:27 [notice] 33#33: exiting
2023/07/30 00:12:27 [notice] 35#35: exiting
2023/07/30 00:12:27 [notice] 45#45: gracefully shutting down
2023/07/30 00:12:27 [notice] 44#44: gracefully shutting down
2023/07/30 00:12:27 [notice] 34#34: gracefully shutting down
2023/07/30 00:12:27 [notice] 31#31: gracefully shutting down
2023/07/30 00:12:27 [notice] 38#38: gracefully shutting down
2023/07/30 00:12:27 [notice] 46#46: gracefully shutting down
2023/07/30 00:12:27 [notice] 32#32: exiting
2023/07/30 00:12:27 [notice] 52#52: gracefully shutting down
2023/07/30 00:12:27 [notice] 41#41: gracefully shutting down
2023/07/30 00:12:27 [notice] 49#49: gracefully shutting down
2023/07/30 00:12:27 [notice] 39#39: gracefully shutting down
2023/07/30 00:12:27 [notice] 47#47: gracefully shutting down
2023/07/30 00:12:27 [notice] 30#30: exiting
2023/07/30 00:12:27 [notice] 50#50: gracefully shutting down
2023/07/30 00:12:27 [notice] 47#47: exiting
2023/07/30 00:12:27 [notice] 53#53: gracefully shutting down
2023/07/30 00:12:27 [notice] 36#36: exiting
2023/07/30 00:12:27 [notice] 55#55: gracefully shutting down
2023/07/30 00:12:27 [notice] 56#56: gracefully shutting down
2023/07/30 00:12:27 [notice] 40#40: gracefully shutting down
2023/07/30 00:12:27 [notice] 29#29: exit
2023/07/30 00:12:27 [notice] 59#59: gracefully shutting down
2023/07/30 00:12:27 [notice] 42#42: exiting
2023/07/30 00:12:27 [notice] 60#60: gracefully shutting down
2023/07/30 00:12:27 [notice] 57#57: gracefully shutting down
2023/07/30 00:12:27 [notice] 54#54: exiting
2023/07/30 00:12:27 [notice] 61#61: gracefully shutting down
2023/07/30 00:12:27 [notice] 37#37: exiting
2023/07/30 00:12:27 [notice] 48#48: gracefully shutting down
2023/07/30 00:12:27 [notice] 28#28: exit
2023/07/30 00:12:27 [notice] 62#62: gracefully shutting down
2023/07/30 00:12:27 [notice] 45#45: exiting
2023/07/30 00:12:27 [notice] 33#33: exit
2023/07/30 00:12:27 [notice] 44#44: exiting
2023/07/30 00:12:27 [notice] 35#35: exit
2023/07/30 00:12:27 [notice] 34#34: exiting
2023/07/30 00:12:27 [notice] 31#31: exiting
2023/07/30 00:12:27 [notice] 38#38: exiting
2023/07/30 00:12:27 [notice] 46#46: exiting
2023/07/30 00:12:27 [notice] 52#52: exiting
2023/07/30 00:12:27 [notice] 32#32: exit
2023/07/30 00:12:27 [notice] 41#41: exiting
2023/07/30 00:12:27 [notice] 49#49: exiting
2023/07/30 00:12:27 [notice] 39#39: exiting
2023/07/30 00:12:27 [notice] 50#50: exiting
2023/07/30 00:12:27 [notice] 53#53: exiting
2023/07/30 00:12:27 [notice] 30#30: exit
2023/07/30 00:12:27 [notice] 55#55: exiting
2023/07/30 00:12:27 [notice] 47#47: exit
2023/07/30 00:12:27 [notice] 36#36: exit
2023/07/30 00:12:27 [notice] 58#58: gracefully shutting down
2023/07/30 00:12:27 [notice] 51#51: gracefully shutting down
2023/07/30 00:12:27 [notice] 63#63: gracefully shutting down
2023/07/30 00:12:27 [notice] 56#56: exiting
2023/07/30 00:12:27 [notice] 40#40: exiting
2023/07/30 00:12:27 [notice] 59#59: exiting
2023/07/30 00:12:27 [notice] 60#60: exiting
2023/07/30 00:12:27 [notice] 57#57: exiting
2023/07/30 00:12:27 [notice] 43#43: gracefully shutting down
2023/07/30 00:12:27 [notice] 61#61: exiting
2023/07/30 00:12:27 [notice] 42#42: exit
2023/07/30 00:12:27 [notice] 48#48: exiting
2023/07/30 00:12:27 [notice] 54#54: exit
2023/07/30 00:12:27 [notice] 62#62: exiting
2023/07/30 00:12:27 [notice] 56#56: exit
2023/07/30 00:12:27 [notice] 37#37: exit
2023/07/30 00:12:27 [notice] 45#45: exit
2023/07/30 00:12:27 [notice] 44#44: exit
2023/07/30 00:12:27 [notice] 34#34: exit
2023/07/30 00:12:27 [notice] 31#31: exit
2023/07/30 00:12:27 [notice] 38#38: exit
2023/07/30 00:12:27 [notice] 46#46: exit
2023/07/30 00:12:27 [notice] 52#52: exit
2023/07/30 00:12:27 [notice] 39#39: exit
2023/07/30 00:12:27 [notice] 50#50: exit
2023/07/30 00:12:27 [notice] 58#58: exiting
2023/07/30 00:12:27 [notice] 41#41: exit
2023/07/30 00:12:27 [notice] 55#55: exit
2023/07/30 00:12:27 [notice] 53#53: exit
2023/07/30 00:12:27 [notice] 49#49: exit
2023/07/30 00:12:27 [notice] 51#51: exiting
2023/07/30 00:12:27 [notice] 63#63: exiting
2023/07/30 00:12:27 [notice] 40#40: exit
2023/07/30 00:12:27 [notice] 60#60: exit
2023/07/30 00:12:27 [notice] 59#59: exit
2023/07/30 00:12:27 [notice] 43#43: exiting
2023/07/30 00:12:27 [notice] 57#57: exit
2023/07/30 00:12:27 [notice] 61#61: exit
2023/07/30 00:12:27 [notice] 48#48: exit
2023/07/30 00:12:27 [notice] 62#62: exit
2023/07/30 00:12:27 [notice] 58#58: exit
2023/07/30 00:12:27 [notice] 51#51: exit
2023/07/30 00:12:27 [notice] 63#63: exit
2023/07/30 00:12:27 [notice] 43#43: exit
2023/07/30 00:12:27 [notice] 1#1: signal 17 (SIGCHLD) received from 33
2023/07/30 00:12:27 [notice] 1#1: worker process 33 exited with code 0
2023/07/30 00:12:27 [notice] 1#1: signal 29 (SIGIO) received
2023/07/30 00:12:27 [notice] 1#1: signal 17 (SIGCHLD) received from 44
2023/07/30 00:12:27 [notice] 1#1: worker process 44 exited with code 0
2023/07/30 00:12:27 [notice] 1#1: worker process 57 exited with code 0
2023/07/30 00:12:27 [notice] 1#1: signal 29 (SIGIO) received
2023/07/30 00:12:27 [notice] 1#1: signal 17 (SIGCHLD) received from 57
2023/07/30 00:12:27 [notice] 1#1: worker process 48 exited with code 0
2023/07/30 00:12:27 [notice] 1#1: worker process 59 exited with code 0
2023/07/30 00:12:27 [notice] 1#1: signal 29 (SIGIO) received
2023/07/30 00:12:27 [notice] 1#1: signal 17 (SIGCHLD) received from 52
2023/07/30 00:12:27 [notice] 1#1: worker process 52 exited with code 0
2023/07/30 00:12:27 [notice] 1#1: signal 29 (SIGIO) received
2023/07/30 00:12:27 [notice] 1#1: signal 17 (SIGCHLD) received from 51
2023/07/30 00:12:27 [notice] 1#1: worker process 51 exited with code 0
2023/07/30 00:12:27 [notice] 1#1: worker process 40 exited with code 0
2023/07/30 00:12:27 [notice] 1#1: worker process 54 exited with code 0
2023/07/30 00:12:27 [notice] 1#1: worker process 41 exited with code 0
2023/07/30 00:12:27 [notice] 1#1: worker process 45 exited with code 0
2023/07/30 00:12:27 [notice] 1#1: worker process 62 exited with code 0
2023/07/30 00:12:27 [notice] 1#1: signal 29 (SIGIO) received
2023/07/30 00:12:27 [notice] 1#1: signal 17 (SIGCHLD) received from 54
2023/07/30 00:12:27 [notice] 1#1: signal 17 (SIGCHLD) received from 61
2023/07/30 00:12:27 [notice] 1#1: worker process 61 exited with code 0
2023/07/30 00:12:27 [notice] 1#1: signal 29 (SIGIO) received
2023/07/30 00:12:27 [notice] 1#1: signal 17 (SIGCHLD) received from 60
2023/07/30 00:12:27 [notice] 1#1: worker process 60 exited with code 0
2023/07/30 00:12:27 [notice] 1#1: signal 29 (SIGIO) received
2023/07/30 00:12:27 [notice] 1#1: signal 17 (SIGCHLD) received from 56
2023/07/30 00:12:27 [notice] 1#1: worker process 31 exited with code 0
2023/07/30 00:12:27 [notice] 1#1: worker process 53 exited with code 0
2023/07/30 00:12:27 [notice] 1#1: worker process 56 exited with code 0
2023/07/30 00:12:27 [notice] 1#1: signal 29 (SIGIO) received
2023/07/30 00:12:27 [notice] 1#1: signal 17 (SIGCHLD) received from 29
2023/07/30 00:12:27 [notice] 1#1: worker process 29 exited with code 0
2023/07/30 00:12:27 [notice] 1#1: signal 29 (SIGIO) received
2023/07/30 00:12:27 [notice] 1#1: signal 17 (SIGCHLD) received from 49
2023/07/30 00:12:27 [notice] 1#1: worker process 49 exited with code 0
2023/07/30 00:12:27 [notice] 1#1: signal 29 (SIGIO) received
2023/07/30 00:12:27 [notice] 1#1: signal 17 (SIGCHLD) received from 38
2023/07/30 00:12:27 [notice] 1#1: worker process 30 exited with code 0
2023/07/30 00:12:27 [notice] 1#1: worker process 38 exited with code 0
2023/07/30 00:12:27 [notice] 1#1: signal 29 (SIGIO) received
2023/07/30 00:12:27 [notice] 1#1: signal 17 (SIGCHLD) received from 34
2023/07/30 00:12:27 [notice] 1#1: worker process 34 exited with code 0
2023/07/30 00:12:27 [notice] 1#1: worker process 63 exited with code 0
2023/07/30 00:12:27 [notice] 1#1: signal 29 (SIGIO) received
2023/07/30 00:12:27 [notice] 1#1: signal 17 (SIGCHLD) received from 63
2023/07/30 00:12:27 [notice] 1#1: worker process 35 exited with code 0
2023/07/30 00:12:27 [notice] 1#1: worker process 37 exited with code 0
2023/07/30 00:12:27 [notice] 1#1: worker process 39 exited with code 0
2023/07/30 00:12:27 [notice] 1#1: worker process 42 exited with code 0
2023/07/30 00:12:27 [notice] 1#1: worker process 55 exited with code 0
2023/07/30 00:12:27 [notice] 1#1: signal 29 (SIGIO) received
2023/07/30 00:12:27 [notice] 1#1: signal 17 (SIGCHLD) received from 55
2023/07/30 00:12:27 [notice] 1#1: signal 17 (SIGCHLD) received from 43
2023/07/30 00:12:27 [notice] 1#1: worker process 43 exited with code 0
2023/07/30 00:12:27 [notice] 1#1: signal 29 (SIGIO) received
2023/07/30 00:12:27 [notice] 1#1: signal 17 (SIGCHLD) received from 36
2023/07/30 00:12:27 [notice] 1#1: worker process 36 exited with code 0
2023/07/30 00:12:27 [notice] 1#1: signal 29 (SIGIO) received
2023/07/30 00:12:27 [notice] 1#1: signal 17 (SIGCHLD) received from 58
2023/07/30 00:12:27 [notice] 1#1: worker process 58 exited with code 0
2023/07/30 00:12:27 [notice] 1#1: signal 29 (SIGIO) received
2023/07/30 00:12:27 [notice] 1#1: signal 17 (SIGCHLD) received from 46
2023/07/30 00:12:27 [notice] 1#1: worker process 46 exited with code 0
2023/07/30 00:12:27 [notice] 1#1: signal 29 (SIGIO) received
2023/07/30 00:12:27 [notice] 1#1: signal 17 (SIGCHLD) received from 47
2023/07/30 00:12:27 [notice] 1#1: worker process 47 exited with code 0
2023/07/30 00:12:27 [notice] 1#1: signal 29 (SIGIO) received
2023/07/30 00:12:27 [notice] 1#1: signal 17 (SIGCHLD) received from 28
2023/07/30 00:12:27 [notice] 1#1: worker process 28 exited with code 0
2023/07/30 00:12:27 [notice] 1#1: worker process 32 exited with code 0
2023/07/30 00:12:27 [notice] 1#1: signal 17 (SIGCHLD) received from 32
2023/07/30 00:12:27 [notice] 1#1: signal 17 (SIGCHLD) received from 50
2023/07/30 00:12:27 [notice] 1#1: worker process 50 exited with code 0
2023/07/30 00:12:27 [notice] 1#1: exit
2023/07/30 00:12:34 [notice] 1#1: using the "epoll" event method
2023/07/30 00:12:34 [notice] 1#1: nginx/1.25.1
2023/07/30 00:12:34 [notice] 1#1: built by gcc 12.2.0 (Debian 12.2.0-14) 
2023/07/30 00:12:34 [notice] 1#1: OS: Linux 5.19.0-50-generic
2023/07/30 00:12:34 [notice] 1#1: getrlimit(RLIMIT_NOFILE): 1048576:1048576
2023/07/30 00:12:34 [notice] 1#1: start worker processes
2023/07/30 00:12:34 [notice] 1#1: start worker process 28
2023/07/30 00:12:34 [notice] 1#1: start worker process 29
2023/07/30 00:12:34 [notice] 1#1: start worker process 30
2023/07/30 00:12:34 [notice] 1#1: start worker process 31
2023/07/30 00:12:34 [notice] 1#1: start worker process 32
2023/07/30 00:12:34 [notice] 1#1: start worker process 33
2023/07/30 00:12:34 [notice] 1#1: start worker process 34
2023/07/30 00:12:34 [notice] 1#1: start worker process 35
2023/07/30 00:12:34 [notice] 1#1: start worker process 36
2023/07/30 00:12:34 [notice] 1#1: start worker process 37
2023/07/30 00:12:34 [notice] 1#1: start worker process 38
2023/07/30 00:12:34 [notice] 1#1: start worker process 39
2023/07/30 00:12:34 [notice] 1#1: start worker process 40
2023/07/30 00:12:34 [notice] 1#1: start worker process 41
2023/07/30 00:12:34 [notice] 1#1: start worker process 42
2023/07/30 00:12:34 [notice] 1#1: start worker process 43
2023/07/30 00:12:34 [notice] 1#1: start worker process 44
2023/07/30 00:12:34 [notice] 1#1: start worker process 45
2023/07/30 00:12:34 [notice] 1#1: start worker process 46
2023/07/30 00:12:34 [notice] 1#1: start worker process 47
2023/07/30 00:12:34 [notice] 1#1: start worker process 48
2023/07/30 00:12:34 [notice] 1#1: start worker process 49
2023/07/30 00:12:34 [notice] 1#1: start worker process 50
2023/07/30 00:12:34 [notice] 1#1: start worker process 51
2023/07/30 00:12:34 [notice] 1#1: start worker process 52
2023/07/30 00:12:34 [notice] 1#1: start worker process 53
2023/07/30 00:12:34 [notice] 1#1: start worker process 54
2023/07/30 00:12:34 [notice] 1#1: start worker process 55
2023/07/30 00:12:34 [notice] 1#1: start worker process 56
2023/07/30 00:12:34 [notice] 1#1: start worker process 57
2023/07/30 00:12:34 [notice] 1#1: start worker process 58
2023/07/30 00:12:34 [notice] 1#1: start worker process 59
2023/07/30 00:12:34 [notice] 1#1: start worker process 60
2023/07/30 00:12:34 [notice] 1#1: start worker process 61
2023/07/30 00:12:34 [notice] 1#1: start worker process 62
2023/07/30 00:12:34 [notice] 1#1: start worker process 63
